

=== DEBUG DU 27 09 2016 - 22:44:46 ===

-- 
Objet    = "user"
Objet ID = nil
Method   = "signin"
Context  = nil


=== DEBUG DU 27 09 2016 - 22:44:47 ===

-- 
Objet    = "user"
Objet ID = nil
Method   = "login"
Context  = nil
-- Redirection -> bureau/home
-- 
Objet    = "bureau"
Objet ID = nil
Method   = "home"
Context  = nil
-- user.icetape.abs_etape.numero : 1


=== DEBUG DU 27 09 2016 - 22:44:49 ===

-- 
Objet    = "abs_minifaq"
Objet ID = nil
Method   = "new_question"
Context  = nil
-- Redirection -> bureau/home
-- 
Objet    = "bureau"
Objet ID = nil
Method   = "home"
Context  = nil
-- user.icetape.abs_etape.numero : 1


=== DEBUG DU 27 09 2016 - 22:44:52 ===

-- 
Objet    = "user"
Objet ID = nil
Method   = "signin"
Context  = nil


=== DEBUG DU 27 09 2016 - 22:44:52 ===

-- 
Objet    = "user"
Objet ID = nil
Method   = "login"
Context  = nil
-- Redirection -> bureau/home
-- 
Objet    = "bureau"
Objet ID = nil
Method   = "home"
Context  = nil


=== DEBUG DU 27 09 2016 - 22:44:58 ===

-- 
Objet    = "watcher"
Objet ID = 7
Method   = "run"
Context  = nil
-- Redirection -> bureau/home
-- 
Objet    = "bureau"
Objet ID = nil
Method   = "home"
Context  = nil


=== DEBUG DU 27 09 2016 - 22:45:00 ===

-- 
Objet    = "user"
Objet ID = nil
Method   = "signin"
Context  = nil


=== DEBUG DU 27 09 2016 - 22:45:01 ===

-- 
Objet    = "user"
Objet ID = nil
Method   = "login"
Context  = nil
-- Redirection -> bureau/home
-- 
Objet    = "bureau"
Objet ID = nil
Method   = "home"
Context  = nil


=== DEBUG DU 27 09 2016 - 22:45:07 ===

-- 
Objet    = "watcher"
Objet ID = 8
Method   = "run"
Context  = nil
-- Redirection -> bureau/home
-- 
Objet    = "bureau"
Objet ID = nil
Method   = "home"
Context  = nil


=== DEBUG DU 27 09 2016 - 22:45:09 ===

-- 
Objet    = "user"
Objet ID = nil
Method   = "signin"
Context  = nil


=== DEBUG DU 27 09 2016 - 22:45:10 ===

-- 
Objet    = "user"
Objet ID = nil
Method   = "login"
Context  = nil
-- Redirection -> bureau/home
-- 
Objet    = "bureau"
Objet ID = nil
Method   = "home"
Context  = nil


=== DEBUG DU 27 09 2016 - 22:45:16 ===

-- 
Objet    = "watcher"
Objet ID = 9
Method   = "run"
Context  = nil
-- Redirection -> bureau/home
-- 
Objet    = "bureau"
Objet ID = nil
Method   = "home"
Context  = nil
